<?xml version="1.0" encoding="UTF-8"?>
<!-- Generated by org.testng.reporters.JUnitReportReporter -->
<testsuite hostname="Dhananjay-Asus" failures="0" tests="1" name="testRunner.TestRunner" time="5.886" errors="0" timestamp="2021-01-26T01:47:56 IST" skipped="0">
  <testcase classname="testRunner.TestRunner" name="login" time="5.886"/>
  <system-out/>
</testsuite> <!-- testRunner.TestRunner -->
